123456789101112131415161718
123456789101112131415161817
123456789101112131415171618
123456789101112131415171816
123456789101112131415181716
123456789101112131416151718
123456789101112131416151817
123456789101112131416171518
123456789101112131416171815
123456789101112131416181715
123456789101112131417161518
123456789101112131417161815
123456789101112131417181615
123456789101112131418171615
123456789101112131514161718
123456789101112131514161817
123456789101112131514171618
123456789101112131514171816
123456789101112131514181716
123456789101112131516141718