100 20
15 88 78 69 11 79 83 45 10 58 25 63 64 42 32 97 
17 1 64 42 2 14 29 43 49 41 82 4 57 40 44 70 75 10 
42 63 40 94 25 42 71 30 70 34 56 7 48 1 72 10 37 59 57 61 18 17 46 13 12 31 65 35 91 88 74 26 66 76 64 97 14 53 96 44 11 5 20 
30 86 58 52 14 28 40 17 29 32 91 41 97 18 21 59 90 54 78 16 96 89 2 88 35 82 84 23 74 76 45 
32 17 77 5 49 3 60 7 64 72 94 35 31 21 10 89 9 28 25 62 24 97 30 42 2 34 91 84 80 55 65 13 43 
18 8 37 39 63 31 67 79 12 80 1 33 100 69 85 19 59 49 84 
18 4 46 47 50 33 5 70 21 84 13 54 75 67 79 61 57 27 30 
24 33 80 35 65 18 12 34 83 20 74 91 57 99 25 89 67 11 90 24 3 92 96 50 62 
36 75 56 3 55 70 26 17 63 65 51 45 49 99 32 60 23 46 48 52 58 20 76 39 40 69 5 95 92 44 86 80 7 98 8 96 30 
33 32 11 65 93 31 8 26 29 35 15 80 96 6 89 42 21 78 53 22 75 10 20 100 69 79 68 30 57 62 72 55 58 17 
6 38 13 36 8 94 17 
9 15 1 30 86 42 61 26 58 64 
14 13 90 56 40 35 15 78 46 71 47 9 1 22 79 
26 69 20 29 8 98 15 39 82 66 32 30 57 7 55 58 89 46 53 48 17 91 59 36 23 16 80 
6 64 12 15 70 29 91 
22 18 89 35 58 61 24 79 94 43 77 83 59 47 84 41 57 36 51 1 32 5 39 
7 14 39 75 65 34 21 31 
34 46 47 37 85 71 60 29 74 16 10 23 1 90 53 18 66 14 99 17 89 20 40 35 36 21 82 86 52 58 12 33 97 73 87 
21 27 36 11 28 85 26 22 43 96 99 95 86 4 12 76 49 6 10 89 62 81 
41 79 80 8 23 42 28 17 57 27 98 47 24 41 56 52 26 88 62 37 13 69 53 89 14 29 39 22 90 84 96 97 71 3 50 40 10 54 77 51 4 38 
