20
0 30 12 9 22 13 3 16 20 13 13 15 14 2 21 0 15 26 6 20 
0 0 4 20 3 2 7 8 29 25 18 4 23 3 6 14 21 7 26 23 
0 0 0 17 29 6 17 29 26 1 8 0 18 14 13 0 25 1 26 30 
0 0 0 0 24 28 12 15 5 28 17 22 7 0 18 30 25 0 27 29 
0 0 0 0 0 10 16 24 20 17 13 15 25 30 8 2 17 25 13 25 
0 0 0 0 0 0 23 10 19 5 4 18 16 2 14 7 23 6 16 28 
0 0 0 0 0 0 0 23 10 23 16 19 30 24 25 15 12 0 4 24 
0 0 0 0 0 0 0 0 30 17 14 16 27 10 16 23 13 12 12 2 
0 0 0 0 0 0 0 0 0 9 7 0 9 22 11 14 10 15 23 2 
0 0 0 0 0 0 0 0 0 0 15 25 2 11 10 1 29 11 17 28 
0 0 0 0 0 0 0 0 0 0 0 5 4 17 9 17 20 30 15 3 
0 0 0 0 0 0 0 0 0 0 0 0 24 24 6 5 2 16 16 16 
0 0 0 0 0 0 0 0 0 0 0 0 0 19 5 2 13 12 1 9 
0 0 0 0 0 0 0 0 0 0 0 0 0 0 17 29 10 18 3 26 
0 0 0 0 0 0 0 0 0 0 0 0 0 0 0 21 2 12 9 1 
0 0 0 0 0 0 0 0 0 0 0 0 0 0 0 0 19 25 21 10 
0 0 0 0 0 0 0 0 0 0 0 0 0 0 0 0 0 8 12 17 
0 0 0 0 0 0 0 0 0 0 0 0 0 0 0 0 0 0 8 5 
0 0 0 0 0 0 0 0 0 0 0 0 0 0 0 0 0 0 0 5 
0 0 0 0 0 0 0 0 0 0 0 0 0 0 0 0 0 0 0 0 
