i = 1 : 3 8 15 24 35 48 63 80 99 120 143 168 195 224 255 288 323 360 399 440 483 528 575 624 675 728 783 840 899 960 1023 1088 1155 1224 1295 1368 1443 1520 1599 1680 1763 1848 1935 2024 2115 2208 2303 2400 2499 2600 2703 2808 2915 3024 3135 3248 3363 3480 3599 3720 3843 3968 4095 4224 4355 4488 4623 4760 4899 5040 5183 5328 5475 5624 5775 5928 6083 6240 6399 6560 6723 6888 7055 7224 7395 7568 7743 7920 8099 8280 8463 8648 8835 9024 9215 9408 9603 9800 9999 
i = 2 : 5 12 21 32 45 60 77 96 117 140 165 192 221 252 285 320 357 396 437 480 525 572 621 672 725 780 837 896 957 1020 1085 1152 1221 1292 1365 1440 1517 1596 1677 1760 1845 1932 2021 2112 2205 2300 2397 2496 2597 2700 2805 2912 3021 3132 3245 3360 3477 3596 3717 3840 3965 4092 4221 4352 4485 4620 4757 4896 5037 5180 5325 5472 5621 5772 5925 6080 6237 6396 6557 6720 6885 7052 7221 7392 7565 7740 7917 8096 8277 8460 8645 8832 9021 9212 9405 9600 9797 9996 
i = 3 : 7 16 27 40 55 72 91 112 135 160 187 216 247 280 315 352 391 432 475 520 567 616 667 720 775 832 891 952 1015 1080 1147 1216 1287 1360 1435 1512 1591 1672 1755 1840 1927 2016 2107 2200 2295 2392 2491 2592 2695 2800 2907 3016 3127 3240 3355 3472 3591 3712 3835 3960 4087 4216 4347 4480 4615 4752 4891 5032 5175 5320 5467 5616 5767 5920 6075 6232 6391 6552 6715 6880 7047 7216 7387 7560 7735 7912 8091 8272 8455 8640 8827 9016 9207 9400 9595 9792 9991 
i = 4 : 9 20 33 48 65 84 105 128 153 180 209 240 273 308 345 384 425 468 513 560 609 660 713 768 825 884 945 1008 1073 1140 1209 1280 1353 1428 1505 1584 1665 1748 1833 1920 2009 2100 2193 2288 2385 2484 2585 2688 2793 2900 3009 3120 3233 3348 3465 3584 3705 3828 3953 4080 4209 4340 4473 4608 4745 4884 5025 5168 5313 5460 5609 5760 5913 6068 6225 6384 6545 6708 6873 7040 7209 7380 7553 7728 7905 8084 8265 8448 8633 8820 9009 9200 9393 9588 9785 9984 
i = 5 : 11 24 39 56 75 96 119 144 171 200 231 264 299 336 375 416 459 504 551 600 651 704 759 816 875 936 999 1064 1131 1200 1271 1344 1419 1496 1575 1656 1739 1824 1911 2000 2091 2184 2279 2376 2475 2576 2679 2784 2891 3000 3111 3224 3339 3456 3575 3696 3819 3944 4071 4200 4331 4464 4599 4736 4875 5016 5159 5304 5451 5600 5751 5904 6059 6216 6375 6536 6699 6864 7031 7200 7371 7544 7719 7896 8075 8256 8439 8624 8811 9000 9191 9384 9579 9776 9975 
i = 6 : 13 28 45 64 85 108 133 160 189 220 253 288 325 364 405 448 493 540 589 640 693 748 805 864 925 988 1053 1120 1189 1260 1333 1408 1485 1564 1645 1728 1813 1900 1989 2080 2173 2268 2365 2464 2565 2668 2773 2880 2989 3100 3213 3328 3445 3564 3685 3808 3933 4060 4189 4320 4453 4588 4725 4864 5005 5148 5293 5440 5589 5740 5893 6048 6205 6364 6525 6688 6853 7020 7189 7360 7533 7708 7885 8064 8245 8428 8613 8800 8989 9180 9373 9568 9765 9964 
i = 7 : 15 32 51 72 95 120 147 176 207 240 275 312 351 392 435 480 527 576 627 680 735 792 851 912 975 1040 1107 1176 1247 1320 1395 1472 1551 1632 1715 1800 1887 1976 2067 2160 2255 2352 2451 2552 2655 2760 2867 2976 3087 3200 3315 3432 3551 3672 3795 3920 4047 4176 4307 4440 4575 4712 4851 4992 5135 5280 5427 5576 5727 5880 6035 6192 6351 6512 6675 6840 7007 7176 7347 7520 7695 7872 8051 8232 8415 8600 8787 8976 9167 9360 9555 9752 9951 
i = 8 : 17 36 57 80 105 132 161 192 225 260 297 336 377 420 465 512 561 612 665 720 777 836 897 960 1025 1092 1161 1232 1305 1380 1457 1536 1617 1700 1785 1872 1961 2052 2145 2240 2337 2436 2537 2640 2745 2852 2961 3072 3185 3300 3417 3536 3657 3780 3905 4032 4161 4292 4425 4560 4697 4836 4977 5120 5265 5412 5561 5712 5865 6020 6177 6336 6497 6660 6825 6992 7161 7332 7505 7680 7857 8036 8217 8400 8585 8772 8961 9152 9345 9540 9737 9936 
i = 9 : 19 40 63 88 115 144 175 208 243 280 319 360 403 448 495 544 595 648 703 760 819 880 943 1008 1075 1144 1215 1288 1363 1440 1519 1600 1683 1768 1855 1944 2035 2128 2223 2320 2419 2520 2623 2728 2835 2944 3055 3168 3283 3400 3519 3640 3763 3888 4015 4144 4275 4408 4543 4680 4819 4960 5103 5248 5395 5544 5695 5848 6003 6160 6319 6480 6643 6808 6975 7144 7315 7488 7663 7840 8019 8200 8383 8568 8755 8944 9135 9328 9523 9720 9919 
i = 10 : 21 44 69 96 125 156 189 224 261 300 341 384 429 476 525 576 629 684 741 800 861 924 989 1056 1125 1196 1269 1344 1421 1500 1581 1664 1749 1836 1925 2016 2109 2204 2301 2400 2501 2604 2709 2816 2925 3036 3149 3264 3381 3500 3621 3744 3869 3996 4125 4256 4389 4524 4661 4800 4941 5084 5229 5376 5525 5676 5829 5984 6141 6300 6461 6624 6789 6956 7125 7296 7469 7644 7821 8000 8181 8364 8549 8736 8925 9116 9309 9504 9701 9900 
i = 11 : 23 48 75 104 135 168 203 240 279 320 363 408 455 504 555 608 663 720 779 840 903 968 1035 1104 1175 1248 1323 1400 1479 1560 1643 1728 1815 1904 1995 2088 2183 2280 2379 2480 2583 2688 2795 2904 3015 3128 3243 3360 3479 3600 3723 3848 3975 4104 4235 4368 4503 4640 4779 4920 5063 5208 5355 5504 5655 5808 5963 6120 6279 6440 6603 6768 6935 7104 7275 7448 7623 7800 7979 8160 8343 8528 8715 8904 9095 9288 9483 9680 9879 
i = 12 : 25 52 81 112 145 180 217 256 297 340 385 432 481 532 585 640 697 756 817 880 945 1012 1081 1152 1225 1300 1377 1456 1537 1620 1705 1792 1881 1972 2065 2160 2257 2356 2457 2560 2665 2772 2881 2992 3105 3220 3337 3456 3577 3700 3825 3952 4081 4212 4345 4480 4617 4756 4897 5040 5185 5332 5481 5632 5785 5940 6097 6256 6417 6580 6745 6912 7081 7252 7425 7600 7777 7956 8137 8320 8505 8692 8881 9072 9265 9460 9657 9856 
i = 13 : 27 56 87 120 155 192 231 272 315 360 407 456 507 560 615 672 731 792 855 920 987 1056 1127 1200 1275 1352 1431 1512 1595 1680 1767 1856 1947 2040 2135 2232 2331 2432 2535 2640 2747 2856 2967 3080 3195 3312 3431 3552 3675 3800 3927 4056 4187 4320 4455 4592 4731 4872 5015 5160 5307 5456 5607 5760 5915 6072 6231 6392 6555 6720 6887 7056 7227 7400 7575 7752 7931 8112 8295 8480 8667 8856 9047 9240 9435 9632 9831 
i = 14 : 29 60 93 128 165 204 245 288 333 380 429 480 533 588 645 704 765 828 893 960 1029 1100 1173 1248 1325 1404 1485 1568 1653 1740 1829 1920 2013 2108 2205 2304 2405 2508 2613 2720 2829 2940 3053 3168 3285 3404 3525 3648 3773 3900 4029 4160 4293 4428 4565 4704 4845 4988 5133 5280 5429 5580 5733 5888 6045 6204 6365 6528 6693 6860 7029 7200 7373 7548 7725 7904 8085 8268 8453 8640 8829 9020 9213 9408 9605 9804 
i = 15 : 31 64 99 136 175 216 259 304 351 400 451 504 559 616 675 736 799 864 931 1000 1071 1144 1219 1296 1375 1456 1539 1624 1711 1800 1891 1984 2079 2176 2275 2376 2479 2584 2691 2800 2911 3024 3139 3256 3375 3496 3619 3744 3871 4000 4131 4264 4399 4536 4675 4816 4959 5104 5251 5400 5551 5704 5859 6016 6175 6336 6499 6664 6831 7000 7171 7344 7519 7696 7875 8056 8239 8424 8611 8800 8991 9184 9379 9576 9775 
i = 16 : 33 68 105 144 185 228 273 320 369 420 473 528 585 644 705 768 833 900 969 1040 1113 1188 1265 1344 1425 1508 1593 1680 1769 1860 1953 2048 2145 2244 2345 2448 2553 2660 2769 2880 2993 3108 3225 3344 3465 3588 3713 3840 3969 4100 4233 4368 4505 4644 4785 4928 5073 5220 5369 5520 5673 5828 5985 6144 6305 6468 6633 6800 6969 7140 7313 7488 7665 7844 8025 8208 8393 8580 8769 8960 9153 9348 9545 9744 
i = 17 : 35 72 111 152 195 240 287 336 387 440 495 552 611 672 735 800 867 936 1007 1080 1155 1232 1311 1392 1475 1560 1647 1736 1827 1920 2015 2112 2211 2312 2415 2520 2627 2736 2847 2960 3075 3192 3311 3432 3555 3680 3807 3936 4067 4200 4335 4472 4611 4752 4895 5040 5187 5336 5487 5640 5795 5952 6111 6272 6435 6600 6767 6936 7107 7280 7455 7632 7811 7992 8175 8360 8547 8736 8927 9120 9315 9512 9711 
i = 18 : 37 76 117 160 205 252 301 352 405 460 517 576 637 700 765 832 901 972 1045 1120 1197 1276 1357 1440 1525 1612 1701 1792 1885 1980 2077 2176 2277 2380 2485 2592 2701 2812 2925 3040 3157 3276 3397 3520 3645 3772 3901 4032 4165 4300 4437 4576 4717 4860 5005 5152 5301 5452 5605 5760 5917 6076 6237 6400 6565 6732 6901 7072 7245 7420 7597 7776 7957 8140 8325 8512 8701 8892 9085 9280 9477 9676 
i = 19 : 39 80 123 168 215 264 315 368 423 480 539 600 663 728 795 864 935 1008 1083 1160 1239 1320 1403 1488 1575 1664 1755 1848 1943 2040 2139 2240 2343 2448 2555 2664 2775 2888 3003 3120 3239 3360 3483 3608 3735 3864 3995 4128 4263 4400 4539 4680 4823 4968 5115 5264 5415 5568 5723 5880 6039 6200 6363 6528 6695 6864 7035 7208 7383 7560 7739 7920 8103 8288 8475 8664 8855 9048 9243 9440 9639 
i = 20 : 41 84 129 176 225 276 329 384 441 500 561 624 689 756 825 896 969 1044 1121 1200 1281 1364 1449 1536 1625 1716 1809 1904 2001 2100 2201 2304 2409 2516 2625 2736 2849 2964 3081 3200 3321 3444 3569 3696 3825 3956 4089 4224 4361 4500 4641 4784 4929 5076 5225 5376 5529 5684 5841 6000 6161 6324 6489 6656 6825 6996 7169 7344 7521 7700 7881 8064 8249 8436 8625 8816 9009 9204 9401 9600 
i = 21 : 43 88 135 184 235 288 343 400 459 520 583 648 715 784 855 928 1003 1080 1159 1240 1323 1408 1495 1584 1675 1768 1863 1960 2059 2160 2263 2368 2475 2584 2695 2808 2923 3040 3159 3280 3403 3528 3655 3784 3915 4048 4183 4320 4459 4600 4743 4888 5035 5184 5335 5488 5643 5800 5959 6120 6283 6448 6615 6784 6955 7128 7303 7480 7659 7840 8023 8208 8395 8584 8775 8968 9163 9360 9559 
i = 22 : 45 92 141 192 245 300 357 416 477 540 605 672 741 812 885 960 1037 1116 1197 1280 1365 1452 1541 1632 1725 1820 1917 2016 2117 2220 2325 2432 2541 2652 2765 2880 2997 3116 3237 3360 3485 3612 3741 3872 4005 4140 4277 4416 4557 4700 4845 4992 5141 5292 5445 5600 5757 5916 6077 6240 6405 6572 6741 6912 7085 7260 7437 7616 7797 7980 8165 8352 8541 8732 8925 9120 9317 9516 
i = 23 : 47 96 147 200 255 312 371 432 495 560 627 696 767 840 915 992 1071 1152 1235 1320 1407 1496 1587 1680 1775 1872 1971 2072 2175 2280 2387 2496 2607 2720 2835 2952 3071 3192 3315 3440 3567 3696 3827 3960 4095 4232 4371 4512 4655 4800 4947 5096 5247 5400 5555 5712 5871 6032 6195 6360 6527 6696 6867 7040 7215 7392 7571 7752 7935 8120 8307 8496 8687 8880 9075 9272 9471 
i = 24 : 49 100 153 208 265 324 385 448 513 580 649 720 793 868 945 1024 1105 1188 1273 1360 1449 1540 1633 1728 1825 1924 2025 2128 2233 2340 2449 2560 2673 2788 2905 3024 3145 3268 3393 3520 3649 3780 3913 4048 4185 4324 4465 4608 4753 4900 5049 5200 5353 5508 5665 5824 5985 6148 6313 6480 6649 6820 6993 7168 7345 7524 7705 7888 8073 8260 8449 8640 8833 9028 9225 9424 
i = 25 : 51 104 159 216 275 336 399 464 531 600 671 744 819 896 975 1056 1139 1224 1311 1400 1491 1584 1679 1776 1875 1976 2079 2184 2291 2400 2511 2624 2739 2856 2975 3096 3219 3344 3471 3600 3731 3864 3999 4136 4275 4416 4559 4704 4851 5000 5151 5304 5459 5616 5775 5936 6099 6264 6431 6600 6771 6944 7119 7296 7475 7656 7839 8024 8211 8400 8591 8784 8979 9176 9375 
i = 26 : 53 108 165 224 285 348 413 480 549 620 693 768 845 924 1005 1088 1173 1260 1349 1440 1533 1628 1725 1824 1925 2028 2133 2240 2349 2460 2573 2688 2805 2924 3045 3168 3293 3420 3549 3680 3813 3948 4085 4224 4365 4508 4653 4800 4949 5100 5253 5408 5565 5724 5885 6048 6213 6380 6549 6720 6893 7068 7245 7424 7605 7788 7973 8160 8349 8540 8733 8928 9125 9324 
i = 27 : 55 112 171 232 295 360 427 496 567 640 715 792 871 952 1035 1120 1207 1296 1387 1480 1575 1672 1771 1872 1975 2080 2187 2296 2407 2520 2635 2752 2871 2992 3115 3240 3367 3496 3627 3760 3895 4032 4171 4312 4455 4600 4747 4896 5047 5200 5355 5512 5671 5832 5995 6160 6327 6496 6667 6840 7015 7192 7371 7552 7735 7920 8107 8296 8487 8680 8875 9072 9271 
i = 28 : 57 116 177 240 305 372 441 512 585 660 737 816 897 980 1065 1152 1241 1332 1425 1520 1617 1716 1817 1920 2025 2132 2241 2352 2465 2580 2697 2816 2937 3060 3185 3312 3441 3572 3705 3840 3977 4116 4257 4400 4545 4692 4841 4992 5145 5300 5457 5616 5777 5940 6105 6272 6441 6612 6785 6960 7137 7316 7497 7680 7865 8052 8241 8432 8625 8820 9017 9216 
i = 29 : 59 120 183 248 315 384 455 528 603 680 759 840 923 1008 1095 1184 1275 1368 1463 1560 1659 1760 1863 1968 2075 2184 2295 2408 2523 2640 2759 2880 3003 3128 3255 3384 3515 3648 3783 3920 4059 4200 4343 4488 4635 4784 4935 5088 5243 5400 5559 5720 5883 6048 6215 6384 6555 6728 6903 7080 7259 7440 7623 7808 7995 8184 8375 8568 8763 8960 9159 
i = 30 : 61 124 189 256 325 396 469 544 621 700 781 864 949 1036 1125 1216 1309 1404 1501 1600 1701 1804 1909 2016 2125 2236 2349 2464 2581 2700 2821 2944 3069 3196 3325 3456 3589 3724 3861 4000 4141 4284 4429 4576 4725 4876 5029 5184 5341 5500 5661 5824 5989 6156 6325 6496 6669 6844 7021 7200 7381 7564 7749 7936 8125 8316 8509 8704 8901 9100 
i = 31 : 63 128 195 264 335 408 483 560 639 720 803 888 975 1064 1155 1248 1343 1440 1539 1640 1743 1848 1955 2064 2175 2288 2403 2520 2639 2760 2883 3008 3135 3264 3395 3528 3663 3800 3939 4080 4223 4368 4515 4664 4815 4968 5123 5280 5439 5600 5763 5928 6095 6264 6435 6608 6783 6960 7139 7320 7503 7688 7875 8064 8255 8448 8643 8840 9039 
i = 32 : 65 132 201 272 345 420 497 576 657 740 825 912 1001 1092 1185 1280 1377 1476 1577 1680 1785 1892 2001 2112 2225 2340 2457 2576 2697 2820 2945 3072 3201 3332 3465 3600 3737 3876 4017 4160 4305 4452 4601 4752 4905 5060 5217 5376 5537 5700 5865 6032 6201 6372 6545 6720 6897 7076 7257 7440 7625 7812 8001 8192 8385 8580 8777 8976 
i = 33 : 67 136 207 280 355 432 511 592 675 760 847 936 1027 1120 1215 1312 1411 1512 1615 1720 1827 1936 2047 2160 2275 2392 2511 2632 2755 2880 3007 3136 3267 3400 3535 3672 3811 3952 4095 4240 4387 4536 4687 4840 4995 5152 5311 5472 5635 5800 5967 6136 6307 6480 6655 6832 7011 7192 7375 7560 7747 7936 8127 8320 8515 8712 8911 
i = 34 : 69 140 213 288 365 444 525 608 693 780 869 960 1053 1148 1245 1344 1445 1548 1653 1760 1869 1980 2093 2208 2325 2444 2565 2688 2813 2940 3069 3200 3333 3468 3605 3744 3885 4028 4173 4320 4469 4620 4773 4928 5085 5244 5405 5568 5733 5900 6069 6240 6413 6588 6765 6944 7125 7308 7493 7680 7869 8060 8253 8448 8645 8844 
i = 35 : 71 144 219 296 375 456 539 624 711 800 891 984 1079 1176 1275 1376 1479 1584 1691 1800 1911 2024 2139 2256 2375 2496 2619 2744 2871 3000 3131 3264 3399 3536 3675 3816 3959 4104 4251 4400 4551 4704 4859 5016 5175 5336 5499 5664 5831 6000 6171 6344 6519 6696 6875 7056 7239 7424 7611 7800 7991 8184 8379 8576 8775 
i = 36 : 73 148 225 304 385 468 553 640 729 820 913 1008 1105 1204 1305 1408 1513 1620 1729 1840 1953 2068 2185 2304 2425 2548 2673 2800 2929 3060 3193 3328 3465 3604 3745 3888 4033 4180 4329 4480 4633 4788 4945 5104 5265 5428 5593 5760 5929 6100 6273 6448 6625 6804 6985 7168 7353 7540 7729 7920 8113 8308 8505 8704 
i = 37 : 75 152 231 312 395 480 567 656 747 840 935 1032 1131 1232 1335 1440 1547 1656 1767 1880 1995 2112 2231 2352 2475 2600 2727 2856 2987 3120 3255 3392 3531 3672 3815 3960 4107 4256 4407 4560 4715 4872 5031 5192 5355 5520 5687 5856 6027 6200 6375 6552 6731 6912 7095 7280 7467 7656 7847 8040 8235 8432 8631 
i = 38 : 77 156 237 320 405 492 581 672 765 860 957 1056 1157 1260 1365 1472 1581 1692 1805 1920 2037 2156 2277 2400 2525 2652 2781 2912 3045 3180 3317 3456 3597 3740 3885 4032 4181 4332 4485 4640 4797 4956 5117 5280 5445 5612 5781 5952 6125 6300 6477 6656 6837 7020 7205 7392 7581 7772 7965 8160 8357 8556 
i = 39 : 79 160 243 328 415 504 595 688 783 880 979 1080 1183 1288 1395 1504 1615 1728 1843 1960 2079 2200 2323 2448 2575 2704 2835 2968 3103 3240 3379 3520 3663 3808 3955 4104 4255 4408 4563 4720 4879 5040 5203 5368 5535 5704 5875 6048 6223 6400 6579 6760 6943 7128 7315 7504 7695 7888 8083 8280 8479 
i = 40 : 81 164 249 336 425 516 609 704 801 900 1001 1104 1209 1316 1425 1536 1649 1764 1881 2000 2121 2244 2369 2496 2625 2756 2889 3024 3161 3300 3441 3584 3729 3876 4025 4176 4329 4484 4641 4800 4961 5124 5289 5456 5625 5796 5969 6144 6321 6500 6681 6864 7049 7236 7425 7616 7809 8004 8201 8400 
i = 41 : 83 168 255 344 435 528 623 720 819 920 1023 1128 1235 1344 1455 1568 1683 1800 1919 2040 2163 2288 2415 2544 2675 2808 2943 3080 3219 3360 3503 3648 3795 3944 4095 4248 4403 4560 4719 4880 5043 5208 5375 5544 5715 5888 6063 6240 6419 6600 6783 6968 7155 7344 7535 7728 7923 8120 8319 
i = 42 : 85 172 261 352 445 540 637 736 837 940 1045 1152 1261 1372 1485 1600 1717 1836 1957 2080 2205 2332 2461 2592 2725 2860 2997 3136 3277 3420 3565 3712 3861 4012 4165 4320 4477 4636 4797 4960 5125 5292 5461 5632 5805 5980 6157 6336 6517 6700 6885 7072 7261 7452 7645 7840 8037 8236 
i = 43 : 87 176 267 360 455 552 651 752 855 960 1067 1176 1287 1400 1515 1632 1751 1872 1995 2120 2247 2376 2507 2640 2775 2912 3051 3192 3335 3480 3627 3776 3927 4080 4235 4392 4551 4712 4875 5040 5207 5376 5547 5720 5895 6072 6251 6432 6615 6800 6987 7176 7367 7560 7755 7952 8151 
i = 44 : 89 180 273 368 465 564 665 768 873 980 1089 1200 1313 1428 1545 1664 1785 1908 2033 2160 2289 2420 2553 2688 2825 2964 3105 3248 3393 3540 3689 3840 3993 4148 4305 4464 4625 4788 4953 5120 5289 5460 5633 5808 5985 6164 6345 6528 6713 6900 7089 7280 7473 7668 7865 8064 
i = 45 : 91 184 279 376 475 576 679 784 891 1000 1111 1224 1339 1456 1575 1696 1819 1944 2071 2200 2331 2464 2599 2736 2875 3016 3159 3304 3451 3600 3751 3904 4059 4216 4375 4536 4699 4864 5031 5200 5371 5544 5719 5896 6075 6256 6439 6624 6811 7000 7191 7384 7579 7776 7975 
i = 46 : 93 188 285 384 485 588 693 800 909 1020 1133 1248 1365 1484 1605 1728 1853 1980 2109 2240 2373 2508 2645 2784 2925 3068 3213 3360 3509 3660 3813 3968 4125 4284 4445 4608 4773 4940 5109 5280 5453 5628 5805 5984 6165 6348 6533 6720 6909 7100 7293 7488 7685 7884 
i = 47 : 95 192 291 392 495 600 707 816 927 1040 1155 1272 1391 1512 1635 1760 1887 2016 2147 2280 2415 2552 2691 2832 2975 3120 3267 3416 3567 3720 3875 4032 4191 4352 4515 4680 4847 5016 5187 5360 5535 5712 5891 6072 6255 6440 6627 6816 7007 7200 7395 7592 7791 
i = 48 : 97 196 297 400 505 612 721 832 945 1060 1177 1296 1417 1540 1665 1792 1921 2052 2185 2320 2457 2596 2737 2880 3025 3172 3321 3472 3625 3780 3937 4096 4257 4420 4585 4752 4921 5092 5265 5440 5617 5796 5977 6160 6345 6532 6721 6912 7105 7300 7497 7696 
i = 49 : 99 200 303 408 515 624 735 848 963 1080 1199 1320 1443 1568 1695 1824 1955 2088 2223 2360 2499 2640 2783 2928 3075 3224 3375 3528 3683 3840 3999 4160 4323 4488 4655 4824 4995 5168 5343 5520 5699 5880 6063 6248 6435 6624 6815 7008 7203 7400 7599 
i = 50 : 101 204 309 416 525 636 749 864 981 1100 1221 1344 1469 1596 1725 1856 1989 2124 2261 2400 2541 2684 2829 2976 3125 3276 3429 3584 3741 3900 4061 4224 4389 4556 4725 4896 5069 5244 5421 5600 5781 5964 6149 6336 6525 6716 6909 7104 7301 7500 
i = 51 : 103 208 315 424 535 648 763 880 999 1120 1243 1368 1495 1624 1755 1888 2023 2160 2299 2440 2583 2728 2875 3024 3175 3328 3483 3640 3799 3960 4123 4288 4455 4624 4795 4968 5143 5320 5499 5680 5863 6048 6235 6424 6615 6808 7003 7200 7399 
i = 52 : 105 212 321 432 545 660 777 896 1017 1140 1265 1392 1521 1652 1785 1920 2057 2196 2337 2480 2625 2772 2921 3072 3225 3380 3537 3696 3857 4020 4185 4352 4521 4692 4865 5040 5217 5396 5577 5760 5945 6132 6321 6512 6705 6900 7097 7296 
i = 53 : 107 216 327 440 555 672 791 912 1035 1160 1287 1416 1547 1680 1815 1952 2091 2232 2375 2520 2667 2816 2967 3120 3275 3432 3591 3752 3915 4080 4247 4416 4587 4760 4935 5112 5291 5472 5655 5840 6027 6216 6407 6600 6795 6992 7191 
i = 54 : 109 220 333 448 565 684 805 928 1053 1180 1309 1440 1573 1708 1845 1984 2125 2268 2413 2560 2709 2860 3013 3168 3325 3484 3645 3808 3973 4140 4309 4480 4653 4828 5005 5184 5365 5548 5733 5920 6109 6300 6493 6688 6885 7084 
i = 55 : 111 224 339 456 575 696 819 944 1071 1200 1331 1464 1599 1736 1875 2016 2159 2304 2451 2600 2751 2904 3059 3216 3375 3536 3699 3864 4031 4200 4371 4544 4719 4896 5075 5256 5439 5624 5811 6000 6191 6384 6579 6776 6975 
i = 56 : 113 228 345 464 585 708 833 960 1089 1220 1353 1488 1625 1764 1905 2048 2193 2340 2489 2640 2793 2948 3105 3264 3425 3588 3753 3920 4089 4260 4433 4608 4785 4964 5145 5328 5513 5700 5889 6080 6273 6468 6665 6864 
i = 57 : 115 232 351 472 595 720 847 976 1107 1240 1375 1512 1651 1792 1935 2080 2227 2376 2527 2680 2835 2992 3151 3312 3475 3640 3807 3976 4147 4320 4495 4672 4851 5032 5215 5400 5587 5776 5967 6160 6355 6552 6751 
i = 58 : 117 236 357 480 605 732 861 992 1125 1260 1397 1536 1677 1820 1965 2112 2261 2412 2565 2720 2877 3036 3197 3360 3525 3692 3861 4032 4205 4380 4557 4736 4917 5100 5285 5472 5661 5852 6045 6240 6437 6636 
i = 59 : 119 240 363 488 615 744 875 1008 1143 1280 1419 1560 1703 1848 1995 2144 2295 2448 2603 2760 2919 3080 3243 3408 3575 3744 3915 4088 4263 4440 4619 4800 4983 5168 5355 5544 5735 5928 6123 6320 6519 
i = 60 : 121 244 369 496 625 756 889 1024 1161 1300 1441 1584 1729 1876 2025 2176 2329 2484 2641 2800 2961 3124 3289 3456 3625 3796 3969 4144 4321 4500 4681 4864 5049 5236 5425 5616 5809 6004 6201 6400 
i = 61 : 123 248 375 504 635 768 903 1040 1179 1320 1463 1608 1755 1904 2055 2208 2363 2520 2679 2840 3003 3168 3335 3504 3675 3848 4023 4200 4379 4560 4743 4928 5115 5304 5495 5688 5883 6080 6279 
i = 62 : 125 252 381 512 645 780 917 1056 1197 1340 1485 1632 1781 1932 2085 2240 2397 2556 2717 2880 3045 3212 3381 3552 3725 3900 4077 4256 4437 4620 4805 4992 5181 5372 5565 5760 5957 6156 
i = 63 : 127 256 387 520 655 792 931 1072 1215 1360 1507 1656 1807 1960 2115 2272 2431 2592 2755 2920 3087 3256 3427 3600 3775 3952 4131 4312 4495 4680 4867 5056 5247 5440 5635 5832 6031 
i = 64 : 129 260 393 528 665 804 945 1088 1233 1380 1529 1680 1833 1988 2145 2304 2465 2628 2793 2960 3129 3300 3473 3648 3825 4004 4185 4368 4553 4740 4929 5120 5313 5508 5705 5904 
i = 65 : 131 264 399 536 675 816 959 1104 1251 1400 1551 1704 1859 2016 2175 2336 2499 2664 2831 3000 3171 3344 3519 3696 3875 4056 4239 4424 4611 4800 4991 5184 5379 5576 5775 
i = 66 : 133 268 405 544 685 828 973 1120 1269 1420 1573 1728 1885 2044 2205 2368 2533 2700 2869 3040 3213 3388 3565 3744 3925 4108 4293 4480 4669 4860 5053 5248 5445 5644 
i = 67 : 135 272 411 552 695 840 987 1136 1287 1440 1595 1752 1911 2072 2235 2400 2567 2736 2907 3080 3255 3432 3611 3792 3975 4160 4347 4536 4727 4920 5115 5312 5511 
i = 68 : 137 276 417 560 705 852 1001 1152 1305 1460 1617 1776 1937 2100 2265 2432 2601 2772 2945 3120 3297 3476 3657 3840 4025 4212 4401 4592 4785 4980 5177 5376 
i = 69 : 139 280 423 568 715 864 1015 1168 1323 1480 1639 1800 1963 2128 2295 2464 2635 2808 2983 3160 3339 3520 3703 3888 4075 4264 4455 4648 4843 5040 5239 
i = 70 : 141 284 429 576 725 876 1029 1184 1341 1500 1661 1824 1989 2156 2325 2496 2669 2844 3021 3200 3381 3564 3749 3936 4125 4316 4509 4704 4901 5100 
i = 71 : 143 288 435 584 735 888 1043 1200 1359 1520 1683 1848 2015 2184 2355 2528 2703 2880 3059 3240 3423 3608 3795 3984 4175 4368 4563 4760 4959 
i = 72 : 145 292 441 592 745 900 1057 1216 1377 1540 1705 1872 2041 2212 2385 2560 2737 2916 3097 3280 3465 3652 3841 4032 4225 4420 4617 4816 
i = 73 : 147 296 447 600 755 912 1071 1232 1395 1560 1727 1896 2067 2240 2415 2592 2771 2952 3135 3320 3507 3696 3887 4080 4275 4472 4671 
i = 74 : 149 300 453 608 765 924 1085 1248 1413 1580 1749 1920 2093 2268 2445 2624 2805 2988 3173 3360 3549 3740 3933 4128 4325 4524 
i = 75 : 151 304 459 616 775 936 1099 1264 1431 1600 1771 1944 2119 2296 2475 2656 2839 3024 3211 3400 3591 3784 3979 4176 4375 
i = 76 : 153 308 465 624 785 948 1113 1280 1449 1620 1793 1968 2145 2324 2505 2688 2873 3060 3249 3440 3633 3828 4025 4224 
i = 77 : 155 312 471 632 795 960 1127 1296 1467 1640 1815 1992 2171 2352 2535 2720 2907 3096 3287 3480 3675 3872 4071 
i = 78 : 157 316 477 640 805 972 1141 1312 1485 1660 1837 2016 2197 2380 2565 2752 2941 3132 3325 3520 3717 3916 
i = 79 : 159 320 483 648 815 984 1155 1328 1503 1680 1859 2040 2223 2408 2595 2784 2975 3168 3363 3560 3759 
i = 80 : 161 324 489 656 825 996 1169 1344 1521 1700 1881 2064 2249 2436 2625 2816 3009 3204 3401 3600 
i = 81 : 163 328 495 664 835 1008 1183 1360 1539 1720 1903 2088 2275 2464 2655 2848 3043 3240 3439 
i = 82 : 165 332 501 672 845 1020 1197 1376 1557 1740 1925 2112 2301 2492 2685 2880 3077 3276 
i = 83 : 167 336 507 680 855 1032 1211 1392 1575 1760 1947 2136 2327 2520 2715 2912 3111 
i = 84 : 169 340 513 688 865 1044 1225 1408 1593 1780 1969 2160 2353 2548 2745 2944 
i = 85 : 171 344 519 696 875 1056 1239 1424 1611 1800 1991 2184 2379 2576 2775 
i = 86 : 173 348 525 704 885 1068 1253 1440 1629 1820 2013 2208 2405 2604 
i = 87 : 175 352 531 712 895 1080 1267 1456 1647 1840 2035 2232 2431 
i = 88 : 177 356 537 720 905 1092 1281 1472 1665 1860 2057 2256 
i = 89 : 179 360 543 728 915 1104 1295 1488 1683 1880 2079 
i = 90 : 181 364 549 736 925 1116 1309 1504 1701 1900 
i = 91 : 183 368 555 744 935 1128 1323 1520 1719 
i = 92 : 185 372 561 752 945 1140 1337 1536 
i = 93 : 187 376 567 760 955 1152 1351 
i = 94 : 189 380 573 768 965 1164 
i = 95 : 191 384 579 776 975 
i = 96 : 193 388 585 784 
i = 97 : 195 392 591 
i = 98 : 197 396 
i = 99 : 199 
i = 100 : 
3009
3 5 7 8 9 11 12 13 15 16 17 19 20 21 23 24 25 27 28 
29 31 32 33 35 36 37 39 40 41 43 44 45 47 48 49 51 52 53 55 
56 57 59 60 61 63 64 65 67 68 69 71 72 73 75 76 77 79 80 81 
83 84 85 87 88 89 91 92 93 95 96 97 99 100 101 103 104 105 107 108 
109 111 112 113 115 116 117 119 120 121 123 124 125 127 128 129 131 132 133 135 
136 137 139 140 141 143 144 145 147 148 149 151 152 153 155 156 157 159 160 161 
163 164 165 167 168 169 171 172 173 175 176 177 179 180 181 183 184 185 187 188 
189 191 192 193 195 196 197 199 200 201 203 204 205 207 208 209 212 213 215 216 
217 219 220 221 224 225 228 231 232 235 236 237 240 243 244 245 247 248 249 252 
253 255 256 259 260 261 264 265 267 268 272 273 275 276 279 280 284 285 287 288 
291 292 295 296 297 299 300 301 303 304 305 308 309 312 315 316 319 320 321 323 
324 325 327 328 329 332 333 335 336 339 340 341 343 344 345 348 351 352 355 356 
357 360 363 364 365 368 369 371 372 375 376 377 380 381 384 385 387 388 391 392 
393 395 396 399 400 403 405 407 408 411 413 415 416 417 420 423 424 425 427 429 
432 435 437 440 441 444 445 447 448 451 453 455 456 459 460 464 465 468 469 471 
472 473 475 476 477 480 481 483 485 488 489 492 493 495 496 497 500 501 504 505 
507 511 512 513 515 516 517 519 520 525 527 528 531 532 533 535 536 537 539 540 
543 544 545 549 551 552 553 555 559 560 561 564 565 567 568 572 573 575 576 579 
580 581 583 584 585 588 589 591 592 595 600 603 605 608 609 611 612 615 616 620 
621 623 624 625 627 629 632 635 636 637 639 640 644 645 648 649 651 655 656 657 
660 663 664 665 667 671 672 675 679 680 684 685 688 689 693 695 696 697 700 703 
704 705 707 708 711 712 713 715 720 721 725 728 729 731 732 735 736 737 740 741 
744 745 747 748 749 752 755 756 759 760 763 765 767 768 775 776 777 779 780 781 
783 784 785 791 792 793 795 799 800 801 803 804 805 812 815 816 817 819 820 825 
828 832 833 835 836 837 840 845 847 848 851 852 855 860 861 864 865 867 868 869 
871 873 875 876 880 884 885 888 889 891 893 895 896 897 899 900 901 903 905 909 
912 913 915 917 920 923 924 925 927 928 931 935 936 940 943 944 945 948 949 952 
955 957 959 960 963 965 968 969 972 973 975 976 979 980 981 984 987 988 989 992 
996 999 1000 1001 1003 1005 1007 1008 1012 1015 1017 1020 1023 1024 1025 1027 1029 1032 1035 1036 
1037 1040 1043 1044 1045 1053 1056 1057 1060 1064 1065 1067 1068 1071 1072 1073 1075 1079 1080 1081 
1083 1085 1088 1089 1092 1095 1099 1100 1104 1105 1107 1111 1113 1116 1120 1121 1125 1127 1128 1131 
1133 1136 1139 1140 1141 1143 1144 1147 1148 1152 1155 1157 1159 1160 1161 1164 1168 1169 1173 1175 
1176 1177 1179 1180 1183 1184 1185 1188 1189 1196 1197 1199 1200 1204 1207 1209 1211 1215 1216 1219 
1220 1221 1224 1225 1232 1233 1235 1239 1240 1241 1243 1245 1247 1248 1251 1253 1260 1261 1264 1265 
1267 1269 1271 1272 1273 1275 1276 1280 1281 1287 1288 1292 1295 1296 1300 1305 1309 1311 1312 1313 
1316 1320 1323 1325 1328 1331 1332 1333 1335 1337 1339 1340 1341 1343 1344 1349 1351 1352 1353 1357 
1359 1360 1363 1364 1365 1368 1372 1375 1376 1377 1380 1387 1391 1392 1395 1397 1400 1403 1404 1407 
1408 1411 1413 1416 1417 1419 1420 1421 1424 1425 1428 1431 1435 1440 1441 1443 1445 1449 1452 1455 
1456 1457 1460 1463 1464 1467 1469 1472 1475 1476 1479 1480 1484 1485 1488 1491 1495 1496 1500 1501 
1503 1504 1505 1507 1508 1512 1513 1515 1517 1519 1520 1521 1525 1529 1533 1536 1537 1539 1540 1541 
1545 1547 1548 1551 1557 1560 1564 1568 1573 1575 1577 1580 1581 1584 1587 1591 1593 1595 1596 1599 
1600 1605 1608 1611 1612 1615 1617 1620 1624 1625 1628 1629 1632 1633 1635 1639 1640 1643 1645 1647 
1649 1651 1652 1653 1656 1659 1660 1661 1664 1665 1672 1675 1677 1679 1680 1683 1691 1692 1695 1696 
1700 1701 1703 1704 1705 1708 1711 1715 1716 1717 1719 1720 1725 1727 1728 1729 1736 1739 1740 1743 
1748 1749 1751 1752 1755 1760 1763 1764 1767 1768 1769 1771 1775 1776 1780 1781 1785 1792 1793 1800 
1804 1805 1807 1809 1813 1815 1817 1819 1820 1824 1825 1827 1829 1833 1836 1837 1840 1843 1845 1848 
1853 1855 1856 1859 1860 1863 1869 1872 1875 1876 1880 1881 1885 1887 1888 1891 1892 1896 1900 1903 
1904 1905 1908 1909 1911 1917 1919 1920 1921 1924 1925 1927 1932 1935 1936 1937 1943 1944 1947 1952 
1953 1955 1957 1960 1961 1963 1965 1968 1969 1971 1972 1975 1976 1980 1984 1988 1989 1991 1992 1995 
2000 2001 2009 2013 2015 2016 2021 2023 2024 2025 2028 2033 2035 2037 2040 2041 2044 2047 2048 2052 
2055 2057 2059 2064 2065 2067 2068 2071 2072 2075 2077 2079 2080 2085 2088 2091 2093 2100 2107 2108 
2109 2112 2115 2117 2119 2120 2121 2124 2125 2128 2132 2133 2135 2136 2139 2144 2145 2147 2156 2159 
2160 2163 2171 2173 2175 2176 2183 2184 2185 2187 2193 2196 2197 2200 2201 2204 2205 2208 2211 2212 
2220 2223 2225 2227 2231 2232 2233 2235 2236 2240 2241 2244 2247 2249 2255 2256 2257 2261 2263 2265 
2268 2272 2275 2277 2279 2280 2288 2289 2291 2295 2296 2299 2300 2301 2303 2304 2312 2320 2323 2324 
2325 2327 2329 2331 2332 2336 2337 2340 2343 2345 2349 2352 2353 2355 2356 2360 2363 2365 2368 2369 
2373 2375 2376 2379 2380 2385 2387 2392 2397 2400 2403 2405 2407 2408 2409 2412 2413 2415 2419 2420 
2425 2431 2432 2436 2440 2444 2445 2448 2449 2451 2457 2460 2461 2464 2465 2475 2479 2480 2484 2485 
2489 2491 2492 2496 2499 2501 2505 2507 2508 2511 2516 2520 2523 2525 2527 2528 2533 2535 2537 2541 
2544 2548 2552 2553 2555 2556 2560 2565 2567 2573 2575 2576 2580 2581 2583 2584 2585 2592 2595 2596 
2597 2599 2600 2601 2603 2604 2607 2613 2619 2623 2624 2625 2627 2628 2632 2635 2639 2640 2641 2645 
2652 2655 2656 2660 2664 2665 2667 2668 2669 2673 2675 2679 2680 2684 2685 2688 2691 2695 2697 2700 
2701 2703 2704 2709 2715 2717 2720 2725 2727 2728 2736 2737 2739 2744 2745 2747 2751 2752 2755 2756 
2759 2760 2765 2769 2771 2772 2773 2775 2781 2783 2784 2788 2793 2795 2800 2805 2808 2812 2813 2816 
2820 2821 2825 2829 2831 2832 2835 2839 2840 2844 2847 2848 2849 2852 2856 2860 2867 2869 2871 2873 
2875 2877 2880 2881 2883 2888 2889 2891 2900 2904 2905 2907 2911 2912 2915 2916 2919 2920 2921 2923 
2924 2925 2928 2929 2937 2940 2941 2943 2944 2945 2948 2952 2960 2961 2964 2967 2968 2975 2976 2983 
2987 2988 2989 2992 2993 2997 3000 3003 3007 3008 3009 3013 3015 3016 3021 3024 3025 3036 3040 3043 
3045 3051 3053 3055 3059 3060 3068 3069 3071 3072 3075 3077 3080 3081 3087 3096 3097 3100 3103 3105 
3108 3111 3115 3116 3120 3124 3125 3127 3128 3129 3131 3132 3135 3136 3139 3145 3149 3151 3157 3159 
3160 3161 3168 3171 3172 3173 3175 3180 3185 3192 3193 3195 3196 3197 3200 3201 3204 3211 3212 3213 
3216 3219 3220 3224 3225 3233 3237 3239 3240 3243 3245 3248 3249 3255 3256 3264 3267 3268 3275 3276 
3277 3280 3283 3285 3287 3289 3293 3297 3300 3304 3311 3312 3315 3317 3320 3321 3325 3328 3332 3333 
3335 3337 3339 3344 3348 3355 3360 3363 3367 3375 3379 3380 3381 3384 3388 3392 3393 3395 3397 3399 
3400 3401 3403 3404 3408 3416 3417 3420 3423 3425 3427 3429 3431 3432 3439 3440 3441 3444 3445 3451 
3456 3465 3468 3471 3472 3473 3475 3476 3477 3479 3480 3483 3484 3485 3496 3500 3503 3504 3507 3509 
3515 3519 3520 3525 3528 3531 3535 3536 3537 3540 3549 3551 3552 3555 3560 3564 3565 3567 3569 3572 
3575 3577 3584 3588 3589 3591 3596 3597 3599 3600 3604 3605 3608 3611 3612 3619 3621 3625 3627 3633 
3640 3645 3648 3649 3652 3655 3657 3660 3663 3672 3675 3680 3683 3685 3689 3692 3696 3699 3700 3703 
3705 3712 3713 3717 3720 3723 3724 3725 3729 3731 3735 3737 3740 3741 3744 3745 3749 3751 3752 3753 
3759 3760 3763 3772 3773 3775 3776 3780 3783 3784 3792 3795 3796 3799 3800 3807 3808 3811 3813 3815 
3816 3819 3825 3827 3828 3835 3840 3841 3843 3848 3857 3861 3864 3869 3871 3872 3875 3876 3885 3887 
3888 3895 3900 3901 3904 3905 3913 3915 3916 3920 3925 3927 3933 3936 3937 3939 3944 3948 3952 3953 
3955 3956 3959 3960 3965 3968 3969 3973 3975 3976 3977 3979 3984 3993 3995 3996 3999 4000 4004 4005 
4012 4015 4017 4020 4023 4025 4028 4029 4031 4032 4033 4047 4048 4056 4059 4060 4061 4067 4071 4075 
4077 4080 4081 4085 4087 4088 4089 4092 4095 4096 4100 4104 4107 4108 4116 4123 4125 4128 4131 4136 
4140 4141 4144 4147 4148 4160 4161 4165 4171 4173 4175 4176 4180 4181 4183 4185 4187 4189 4191 4200 
4205 4209 4212 4216 4221 4223 4224 4225 4232 4233 4235 4239 4240 4247 4248 4251 4255 4256 4257 4260 
4263 4264 4275 4277 4284 4288 4292 4293 4300 4305 4307 4309 4312 4316 4320 4321 4323 4324 4325 4329 
4331 4332 4335 4340 4343 4345 4347 4352 4355 4361 4365 4368 4371 4375 4379 4380 4387 4389 4392 4399 
4400 4401 4403 4407 4408 4416 4420 4424 4425 4428 4429 4433 4437 4440 4445 4452 4453 4455 4459 4464 
4465 4469 4472 4473 4477 4480 4484 4485 4488 4495 4500 4503 4505 4508 4509 4512 4515 4521 4524 4536 
4539 4543 4544 4545 4551 4553 4556 4557 4559 4560 4563 4565 4575 4576 4585 4587 4588 4592 4599 4600 
4601 4608 4611 4615 4617 4619 4620 4623 4624 4625 4633 4635 4636 4640 4641 4644 4648 4653 4655 4661 
4664 4669 4671 4672 4675 4680 4681 4687 4692 4697 4699 4700 4704 4712 4715 4717 4719 4720 4725 4727 
4731 4736 4740 4743 4745 4747 4752 4753 4756 4757 4760 4773 4779 4784 4785 4788 4795 4797 4800 4805 
4815 4816 4819 4823 4824 4828 4836 4840 4841 4843 4845 4847 4851 4859 4860 4864 4865 4867 4872 4875 
4876 4879 4880 4884 4888 4891 4895 4896 4897 4899 4900 4901 4905 4917 4920 4921 4928 4929 4935 4940 
4941 4945 4947 4949 4953 4956 4959 4960 4961 4964 4968 4977 4980 4983 4988 4991 4992 4995 5000 5005 
5015 5016 5025 5029 5031 5032 5035 5037 5040 5043 5047 5049 5053 5056 5060 5063 5069 5073 5075 5076 
5084 5085 5088 5092 5096 5100 5103 5104 5109 5112 5115 5117 5120 5123 5124 5125 5133 5135 5141 5143 
5145 5148 5151 5152 5159 5160 5168 5175 5177 5180 5181 5183 5184 5185 5187 5192 5200 5203 5207 5208 
5215 5217 5220 5225 5229 5236 5239 5243 5244 5247 5248 5251 5253 5256 5264 5265 5280 5285 5289 5291 
5292 5293 5300 5301 5304 5307 5311 5312 5313 5320 5325 5328 5332 5335 5336 5341 5343 5353 5355 5360 
5365 5368 5369 5371 5372 5375 5376 5379 5395 5396 5400 5405 5408 5412 5415 5421 5425 5427 5428 5429 
5439 5440 5445 5451 5452 5453 5456 5457 5459 5460 5461 5467 5472 5475 5481 5487 5488 5495 5499 5500 
5504 5508 5511 5512 5513 5520 5525 5529 5535 5537 5544 5547 5548 5551 5555 5559 5561 5565 5568 5576 
5577 5580 5587 5589 5593 5600 5605 5607 5609 5612 5616 5617 5621 5624 5625 5628 5632 5633 5635 5640 
5643 5644 5655 5661 5664 5665 5671 5673 5676 5680 5684 5687 5688 5695 5699 5700 5704 5705 5712 5715 
5719 5720 5723 5724 5727 5733 5735 5740 5751 5757 5760 5763 5767 5772 5775 5776 5777 5781 5785 5795 
5796 5800 5805 5808 5809 5811 5824 5828 5829 5831 5832 5840 5841 5848 5852 5856 5859 5863 5865 5871 
5875 5880 5883 5885 5888 5889 5891 5893 5895 5896 5900 5904 5913 5915 5916 5917 5920 5925 5928 5929 
5936 5940 5945 5952 5957 5959 5963 5964 5967 5969 5977 5980 5984 5985 5989 5995 6000 6003 6004 6016 
6020 6027 6031 6032 6035 6039 6045 6048 6059 6063 6068 6069 6072 6075 6076 6077 6080 6083 6095 6097 
6099 6100 6105 6109 6111 6120 6123 6125 6132 6136 6141 6144 6148 6149 6156 6157 6160 6161 6164 6165 
6171 6175 6177 6191 6192 6195 6200 6201 6204 6205 6213 6215 6216 6223 6225 6231 6232 6235 6237 6240 
6248 6251 6255 6256 6264 6272 6273 6279 6283 6300 6305 6307 6313 6319 6320 6321 6324 6325 6327 6336 
6344 6345 6348 6351 6355 6360 6363 6364 6365 6372 6375 6380 6384 6391 6392 6396 6399 6400 6405 6407 
6413 6417 6419 6424 6431 6432 6435 6437 6439 6440 6441 6448 6461 6468 6477 6480 6489 6493 6496 6497 
6499 6500 6512 6517 6519 6525 6527 6528 6532 6533 6536 6545 6549 6552 6555 6557 6560 6565 6572 6579 
6580 6588 6600 6603 6608 6612 6615 6624 6625 6627 6633 6636 6643 6649 6655 6656 6660 6664 6665 6667 
6669 6675 6681 6688 6693 6695 6696 6699 6700 6705 6708 6713 6715 6716 6720 6721 6723 6728 6731 6732 
6741 6745 6751 6760 6765 6767 6768 6771 6776 6783 6784 6785 6789 6795 6800 6804 6808 6811 6815 6816 
6820 6825 6831 6832 6837 6840 6844 6853 6860 6864 6867 6873 6875 6880 6885 6887 6888 6893 6897 6900 
6901 6903 6909 6912 6935 6936 6943 6944 6955 6956 6960 6968 6969 6975 6985 6987 6992 6993 6996 7000 
7003 7007 7008 7011 7015 7020 7021 7029 7031 7035 7040 7047 7049 7052 7055 7056 7068 7072 7076 7080 
7081 7084 7085 7089 7095 7097 7100 7104 7105 7107 7119 7125 7128 7137 7139 7140 7144 7155 7161 7168 
7169 7171 7176 7189 7191 7192 7200 7203 7205 7208 7209 7215 7216 7221 7224 7227 7236 7239 7245 7252 
7257 7259 7260 7261 7275 7280 7293 7296 7300 7301 7303 7308 7313 7315 7316 7320 7332 7344 7345 7347 
7353 7360 7367 7371 7373 7375 7380 7381 7383 7384 7387 7392 7395 7399 7400 7420 7424 7425 7437 7440 
7448 7452 7455 7467 7469 7473 7475 7480 7488 7493 7497 7500 7503 7504 7505 7519 7520 7521 7524 7533 
7535 7540 7544 7548 7552 7553 7560 7564 7565 7568 7571 7575 7579 7581 7592 7597 7599 7600 7605 7611 
7616 7623 7625 7632 7644 7645 7656 7659 7663 7665 7668 7680 7685 7688 7695 7696 7700 7705 7708 7719 
7725 7728 7729 7735 7739 7740 7743 7747 7749 7752 7755 7772 7776 7777 7788 7791 7797 7800 7808 7809 
7811 7812 7821 7839 7840 7844 7847 7857 7865 7869 7872 7875 7881 7884 7885 7888 7896 7904 7905 7912 
7917 7920 7923 7931 7935 7936 7952 7956 7957 7965 7973 7975 7979 7980 7991 7992 7995 8000 8001 8004 
8019 8023 8024 8025 8036 8037 8040 8051 8052 8056 8060 8064 8073 8075 8083 8084 8085 8091 8096 8099 
8103 8107 8112 8113 8120 8125 8127 8137 8140 8151 8160 8165 8175 8181 8184 8192 8200 8201 8208 8211 
8217 8232 8235 8236 8239 8241 8245 8249 8253 8255 8256 8260 8265 8268 8272 8277 8280 8288 8295 8296 
8307 8308 8316 8319 8320 8325 8343 8349 8352 8357 8360 8364 8375 8379 8383 8385 8393 8395 8400 8415 
8424 8428 8432 8436 8439 8448 8449 8453 8455 8460 8463 8475 8479 8480 8487 8496 8505 8509 8512 8515 
8528 8540 8541 8547 8549 8556 8568 8576 8580 8584 8585 8591 8600 8611 8613 8624 8625 8631 8633 8640 
8643 8645 8648 8664 8667 8680 8687 8692 8701 8704 8712 8715 8732 8733 8736 8755 8763 8769 8772 8775 
8777 8784 8787 8800 8811 8816 8820 8827 8829 8832 8833 8835 8840 8844 8855 8856 8875 8880 8881 8892 
8901 8904 8911 8925 8927 8928 8944 8960 8961 8968 8976 8979 8989 8991 9000 9009 9016 9017 9020 9021 
9024 9028 9039 9047 9048 9072 9075 9085 9095 9100 9116 9120 9125 9135 9152 9153 9159 9163 9167 9176 
9180 9184 9191 9200 9204 9207 9212 9213 9215 9216 9225 9240 9243 9265 9271 9272 9280 9288 9309 9315 
9317 9324 9328 9345 9348 9360 9373 9375 9379 9384 9393 9400 9401 9405 9408 9424 9435 9440 9460 9471 
9477 9483 9504 9512 9516 9523 9540 9545 9555 9559 9568 9576 9579 9588 9595 9600 9603 9605 9632 9639 
9657 9676 9680 9701 9711 9720 9737 9744 9752 9765 9775 9776 9785 9792 9797 9800 9804 9831 9856 9879 
9900 9919 9936 9951 9964 9975 9984 9991 9996 9999 