4 2 3 
5 1 3 
6 1 2 
1 0 0 
2 0 0 
3 0 0 
 move : 1 4 1
 move : 2 1 2
 move : 3 2 3
 move : 6 3 1
 move : 3 6 1
 move : 1 3 2
5
1 -> 4
2 -> 3
3 -> 6
4 -> 1
6 -> 3
 move : 2 5 1
 move : 1 2 2
 move : 3 1 3
 move : 6 3 1
 move : 3 6 1
 move : 1 3 2
5
1 -> 3
2 -> 5
3 -> 6
5 -> 2
6 -> 3
 move : 3 6 1
 move : 1 3 2
 move : 3 1 3
 move : 6 3 1
3
1 -> 3
3 -> 6
6 -> 3
 move : 2 1 2
 move : 3 2 3
 move : 6 3 1
 move : 3 6 1
 move : 1 3 2
5
1 -> 2
2 -> 3
3 -> 6
4 -> 1
6 -> 3
 move : 1 2 2
 move : 3 1 3
 move : 6 3 1
 move : 3 6 1
 move : 1 3 2
5
1 -> 3
2 -> 1
3 -> 6
5 -> 2
6 -> 3
 move : 1 3 2
 move : 3 1 3
 move : 6 3 1
3
1 -> 3
3 -> 1
6 -> 3
